<?xml version="1.0" encoding="UTF-8"?>
<testsuite xmlns:xsi="http://www.w3.org/2001/XMLSchema-instance" xsi:noNamespaceSchemaLocation="https://maven.apache.org/surefire/maven-surefire-plugin/xsd/surefire-test-report.xsd" name="com.softtek.javaweb.service.UserServiceTest" time="2.128" tests="3" errors="0" skipped="0" failures="0">
  <properties>
[...]
</properties>
  <testcase name="testAshouldCreateUser" classname="com.softtek.javaweb.service.UserServiceTest" time="1.313"/>
  <testcase name="testBshouldUpdateUser" classname="com.softtek.javaweb.service.UserServiceTest" time="0.147"/>
  <testcase name="testCshouldDeleteUser" classname="com.softtek.javaweb.service.UserServiceTest" time="0.157"/>
</testsuite>